Jan 30 12:09:17 Installed: 1:perl-parent-0.225-244.el7.noarch
Jan 30 12:09:17 Installed: perl-HTTP-Tiny-0.033-3.el7.noarch
Jan 30 12:09:17 Installed: perl-podlators-2.5.1-3.el7.noarch
Jan 30 12:09:17 Installed: perl-Pod-Perldoc-3.20-4.el7.noarch
Jan 30 12:09:17 Installed: 1:perl-Pod-Escapes-1.04-294.el7_6.noarch
Jan 30 12:09:17 Installed: perl-Text-ParseWords-3.29-4.el7.noarch
Jan 30 12:09:18 Installed: perl-Encode-2.51-7.el7.x86_64
Jan 30 12:09:18 Installed: perl-Pod-Usage-1.63-3.el7.noarch
Jan 30 12:09:18 Installed: 4:perl-libs-5.16.3-294.el7_6.x86_64
Jan 30 12:09:18 Installed: 4:perl-macros-5.16.3-294.el7_6.x86_64
Jan 30 12:09:18 Installed: perl-Storable-2.45-3.el7.x86_64
Jan 30 12:09:18 Installed: perl-Exporter-5.68-3.el7.noarch
Jan 30 12:09:19 Installed: perl-constant-1.27-2.el7.noarch
Jan 30 12:09:19 Installed: perl-Time-Local-1.2300-2.el7.noarch
Jan 30 12:09:19 Installed: perl-Carp-1.26-244.el7.noarch
Jan 30 12:09:19 Installed: 4:perl-Time-HiRes-1.9725-3.el7.x86_64
Jan 30 12:09:19 Installed: perl-PathTools-3.40-5.el7.x86_64
Jan 30 12:09:19 Installed: perl-Scalar-List-Utils-1.27-248.el7.x86_64
Jan 30 12:09:19 Installed: perl-File-Temp-0.23.01-3.el7.noarch
Jan 30 12:09:19 Installed: perl-File-Path-2.09-2.el7.noarch
Jan 30 12:09:19 Installed: perl-threads-shared-1.43-6.el7.x86_64
Jan 30 12:09:19 Installed: perl-threads-1.87-4.el7.x86_64
Jan 30 12:09:19 Installed: perl-Filter-1.49-3.el7.x86_64
Jan 30 12:09:19 Installed: perl-Socket-2.010-4.el7.x86_64
Jan 30 12:09:19 Installed: 1:perl-Pod-Simple-3.28-4.el7.noarch
Jan 30 12:09:19 Installed: perl-Getopt-Long-2.40-3.el7.noarch
Jan 30 12:09:23 Installed: 4:perl-5.16.3-294.el7_6.x86_64
Jan 30 12:10:11 Installed: kernel-devel-3.10.0-957.1.3.el7.x86_64
Jan 30 12:10:26 Installed: mpfr-3.1.1-4.el7.x86_64
Jan 30 12:10:26 Installed: libmpc-1.0.1-3.el7.x86_64
Jan 30 12:10:27 Installed: cpp-4.8.5-36.el7.x86_64
Jan 30 12:10:28 Installed: kernel-headers-3.10.0-957.1.3.el7.x86_64
Jan 30 12:10:29 Installed: glibc-headers-2.17-260.el7.x86_64
Jan 30 12:10:29 Installed: glibc-devel-2.17-260.el7.x86_64
Jan 30 12:10:31 Installed: gcc-4.8.5-36.el7.x86_64
Jan 30 12:15:39 Updated: systemd-libs-219-62.el7_6.2.x86_64
Jan 30 12:15:43 Updated: systemd-219-62.el7_6.2.x86_64
Jan 30 12:15:43 Updated: systemd-sysv-219-62.el7_6.2.x86_64
Jan 30 12:15:46 Updated: tzdata-2018i-1.el7.noarch
Jan 30 12:16:05 Installed: m4-1.4.16-10.el7.x86_64
Jan 30 12:16:05 Installed: zlib-devel-1.2.7-18.el7.x86_64
Jan 30 12:16:06 Installed: keyutils-libs-devel-1.5.8-3.el7.x86_64
Jan 30 12:16:06 Installed: libcom_err-devel-1.42.9-13.el7.x86_64
Jan 30 12:16:06 Installed: libsepol-devel-2.5-10.el7.x86_64
Jan 30 12:16:06 Installed: pcre-devel-8.32-17.el7.x86_64
Jan 30 12:16:06 Installed: libselinux-devel-2.5-14.1.el7.x86_64
Jan 30 12:16:06 Installed: libverto-devel-0.2.5-4.el7.x86_64
Jan 30 12:16:06 Installed: libkadm5-1.15.1-34.el7.x86_64
Jan 30 12:16:07 Installed: krb5-devel-1.15.1-34.el7.x86_64
Jan 30 12:16:09 Installed: 1:openssl-devel-1.0.2k-16.el7.x86_64
Jan 30 12:16:09 Installed: elfutils-libelf-devel-0.172-2.el7.x86_64
Jan 30 12:16:09 Installed: bison-3.0.4-2.el7.x86_64
Jan 30 12:16:09 Installed: flex-2.5.37-6.el7.x86_64
Jan 30 12:16:09 Installed: bc-1.06.95-13.el7.x86_64
Jan 30 12:16:11 Installed: ncurses-devel-5.9-14.20130511.el7_4.x86_64
Jan 30 15:56:59 Installed: pixman-0.34.0-1.el7.x86_64
Jan 30 15:56:59 Installed: libXau-1.0.8-2.1.el7.x86_64
Jan 30 15:56:59 Installed: libxcb-1.13-1.el7.x86_64
Jan 30 15:56:59 Installed: libxshmfence-1.2-1.el7.x86_64
Jan 30 15:56:59 Installed: mesa-libglapi-18.0.5-3.el7.x86_64
Jan 30 15:57:00 Installed: xkeyboard-config-2.24-1.el7.noarch
Jan 30 15:57:00 Installed: libevdev-1.5.6-1.el7.x86_64
Jan 30 15:57:00 Installed: xcb-util-0.4.0-2.el7.x86_64
Jan 30 15:57:00 Installed: libfontenc-1.1.3-3.el7.x86_64
Jan 30 15:57:00 Installed: libXfont2-2.0.3-1.el7.x86_64
Jan 30 15:57:03 Installed: llvm-private-6.0.1-2.el7.x86_64
Jan 30 15:57:04 Installed: mesa-libxatracker-18.0.5-3.el7.x86_64
Jan 30 15:57:04 Installed: libXdmcp-1.1.2-6.el7.x86_64
Jan 30 15:57:04 Installed: libX11-common-1.6.5-2.el7.noarch
Jan 30 15:57:04 Installed: libX11-1.6.5-2.el7.x86_64
Jan 30 15:57:04 Installed: libXext-1.3.3-3.el7.x86_64
Jan 30 15:57:04 Installed: libXi-1.7.9-1.el7.x86_64
Jan 30 15:57:04 Installed: libXv-1.0.11-1.el7.x86_64
Jan 30 15:57:04 Installed: libXtst-1.2.3-1.el7.x86_64
Jan 30 15:57:04 Installed: libXinerama-1.1.3-2.1.el7.x86_64
Jan 30 15:57:04 Installed: libXxf86vm-1.1.4-1.el7.x86_64
Jan 30 15:57:04 Installed: libXrender-0.9.10-1.el7.x86_64
Jan 30 15:57:04 Installed: libXrandr-1.5.1-2.el7.x86_64
Jan 30 15:57:04 Installed: libXfixes-5.0.3-1.el7.x86_64
Jan 30 15:57:05 Installed: libXdamage-1.1.4-4.1.el7.x86_64
Jan 30 15:57:05 Installed: libXvMC-1.0.10-1.el7.x86_64
Jan 30 15:57:05 Installed: libXxf86misc-1.0.3-7.1.el7.x86_64
Jan 30 15:57:05 Installed: libdmx-1.1.3-3.el7.x86_64
Jan 30 15:57:05 Installed: libXxf86dga-1.1.4-2.1.el7.x86_64
Jan 30 15:57:05 Installed: libxkbfile-1.0.9-3.el7.x86_64
Jan 30 15:57:05 Installed: xorg-x11-xkb-utils-7.7-14.el7.x86_64
Jan 30 15:57:05 Installed: xorg-x11-server-common-1.20.1-5.1.el7.x86_64
Jan 30 15:57:05 Installed: libwayland-server-1.15.0-1.el7.x86_64
Jan 30 15:57:05 Installed: mesa-libgbm-18.0.5-3.el7.x86_64
Jan 30 15:57:05 Installed: libepoxy-1.5.2-1.el7.x86_64
Jan 30 15:57:05 Installed: 1:libglvnd-1.0.1-0.8.git5baa1e5.el7.x86_64
Jan 30 15:57:05 Installed: mesa-libGL-18.0.5-3.el7.x86_64
Jan 30 15:57:05 Installed: 1:libglvnd-glx-1.0.1-0.8.git5baa1e5.el7.x86_64
Jan 30 15:57:05 Installed: xorg-x11-server-Xorg-1.20.1-5.1.el7.x86_64
Jan 30 15:57:06 Installed: xorg-x11-drv-v4l-0.2.0-49.el7.x86_64
Jan 30 15:57:06 Installed: xorg-x11-drv-vmmouse-13.1.0-1.el7.1.x86_64
Jan 30 15:57:06 Installed: xorg-x11-drv-dummy-0.3.7-1.el7.1.x86_64
Jan 30 15:57:06 Installed: xorg-x11-drv-ati-18.0.1-1.el7.x86_64
Jan 30 15:57:06 Installed: 1:xorg-x11-drv-nouveau-1.0.15-1.el7.x86_64
Jan 30 15:57:06 Installed: xorg-x11-drv-synaptics-1.9.0-2.el7.x86_64
Jan 30 15:57:06 Installed: xorg-x11-drv-vmware-13.2.1-1.el7.1.x86_64
Jan 30 15:57:06 Installed: xorg-x11-drv-vesa-2.4.0-1.el7.x86_64
Jan 30 15:57:06 Installed: xorg-x11-drv-fbdev-0.5.0-1.el7.x86_64
Jan 30 15:57:06 Installed: xorg-x11-drv-qxl-0.1.5-4.el7.1.x86_64
Jan 30 15:57:06 Installed: xorg-x11-drv-wacom-0.36.1-1.el7.x86_64
Jan 30 15:57:06 Installed: xorg-x11-drv-void-1.4.1-2.el7.1.x86_64
Jan 30 15:57:06 Installed: xorg-x11-drv-intel-2.99.917-28.20180530.el7.x86_64
Jan 30 15:57:06 Installed: mtdev-1.1.5-5.el7.x86_64
Jan 30 15:57:06 Installed: xorg-x11-drv-evdev-2.10.6-1.el7.x86_64
Jan 30 15:57:06 Installed: xorg-x11-drivers-7.7-6.el7.x86_64
Jan 30 15:57:06 Installed: xorg-x11-utils-7.5-23.el7.x86_64
Jan 30 16:01:27 Installed: nano-2.3.1-10.el7.x86_64
